C51 COMPILER V9.60.0.0   UART                                                              04/02/2023 23:37:50 PAGE 1   


C51 COMPILER V9.60.0.0, COMPILATION OF MODULE UART
OBJECT MODULE PLACED IN .\Objects\uart.obj
COMPILER INVOKED BY: E:\EE\Keil_v5\C51\BIN\C51.EXE uart.c LARGE OPTIMIZE(8,SPEED) BROWSE DEBUG OBJECTEXTEND PRINT(.\List
                    -ings\uart.lst) OBJECT(.\Objects\uart.obj)

line level    source

   1          #include "uart.h"
   2          
   3          
   4          void UART_SendByte(uchar byte)
   5          {
   6   1              SBUF=byte;
   7   1              while(TI==0);
   8   1              TI=0;
   9   1      }
  10          
  11          void UART_SendString(uchar* str)
  12          {
  13   1              while(*str)
  14   1              {
  15   2                      UART_SendByte(*str++);
  16   2              }
  17   1      }
  18          
  19          //void UartInit(void)           //9600bps@11.0592MHz
  20          //{
  21          //      PCON &= 0x7F;           //波特率不倍速
  22          //      SCON = 0x50;            //8位数据,可变波特率
  23          //      AUXR |= 0x04;           //定时器时钟1T模式
  24          //      BRT = 0xDC;                     //设置定时重载值
  25          //      AUXR |= 0x01;           //串口1使用独立波特率发射器为波特率发生器
  26          //      AUXR |= 0x10;           //启动独立波特率发射器
  27          //}
  28          void UartInit(void)             //9600bps@11.0592MHz
  29          {
  30   1              PCON &= 0x7F;           //波特率不倍速
  31   1              SCON = 0x50;            //8位数据,可变波特率
  32   1              AUXR |= 0x40;           //定时器时钟1T模式
  33   1              AUXR &= 0xFE;           //串口1选择定时器1为波特率发生器
  34   1              TMOD &= 0x0F;           //设置定时器模式
  35   1              TMOD |= 0x20;           //设置定时器模式
  36   1              TL1 = 0xDC;                     //设置定时初始值
  37   1              TH1 = 0xDC;                     //设置定时重载值
  38   1              ET1 = 0;                        //禁止定时器中断
  39   1              TR1 = 1;                        //定时器1开始计时
  40   1      }
  41          
  42          char putchar(char c){
  43   1              UART_SendByte(c);
  44   1              return c; 
  45   1      }


MODULE INFORMATION:   STATIC OVERLAYABLE
   CODE SIZE        =     93    ----
   CONSTANT SIZE    =   ----    ----
   XDATA SIZE       =   ----       3
   PDATA SIZE       =   ----    ----
   DATA SIZE        =   ----    ----
   IDATA SIZE       =   ----    ----
C51 COMPILER V9.60.0.0   UART                                                              04/02/2023 23:37:50 PAGE 2   

   BIT SIZE         =   ----    ----
END OF MODULE INFORMATION.


C51 COMPILATION COMPLETE.  0 WARNING(S),  0 ERROR(S)
