C51 COMPILER V9.60.0.0   MAIN                                                              03/29/2023 23:12:58 PAGE 1   


C51 COMPILER V9.60.0.0, COMPILATION OF MODULE MAIN
OBJECT MODULE PLACED IN .\Objects\main.obj
COMPILER INVOKED BY: E:\EE\Keil_v5\C51\BIN\C51.EXE main.c OPTIMIZE(8,SPEED) BROWSE DEBUG OBJECTEXTEND PRINT(.\Listings\m
                    -ain.lst) OBJECT(.\Objects\main.obj)

line level    source

   1          #include <STC12C5A60S2.H>
   2          sbit led1=P1^0;
   3          
   4          unsigned int cnt;
   5          
   6          void Timer0_Init(void)          //100微秒@11.0592MHz
   7          {
   8   1              AUXR |= 0x80;                   //定时器时钟1T模式
   9   1              TMOD &= 0xF0;                   //设置定时器模式
  10   1              TMOD |= 0x01;                   //设置定时器模式
  11   1              TL0 = 0xAE;                             //设置定时初始值
  12   1              TH0 = 0xFB;                             //设置定时初始值
  13   1              TF0 = 0;                                //清除TF0标志
  14   1              TR0 = 1;                                //定时器0开始计时
  15   1      }
  16          
  17          void main()
  18          {
  19   1              EA=1;                                   //开启中断
  20   1              ET0=1;                                  //开启定时器中断
  21   1              Timer0_Init();
  22   1              while(1)
  23   1              {
  24   2                      if(cnt==10000)
  25   2                      {
  26   3                              led1=~led1;
  27   3                              cnt=0;
  28   3                      }       
  29   2              }
  30   1      }
  31          
  32          
  33          void Timer0_Isr(void) interrupt 1
  34          {
  35   1              TL0 = 0xAE;                             //设置定时初始值
  36   1              TH0 = 0xFB;                             //设置定时初始值
  37   1              cnt++;
  38   1      
  39   1      }


MODULE INFORMATION:   STATIC OVERLAYABLE
   CODE SIZE        =     65    ----
   CONSTANT SIZE    =   ----    ----
   XDATA SIZE       =   ----    ----
   PDATA SIZE       =   ----    ----
   DATA SIZE        =      2    ----
   IDATA SIZE       =   ----    ----
   BIT SIZE         =   ----    ----
END OF MODULE INFORMATION.


C51 COMPILATION COMPLETE.  0 WARNING(S),  0 ERROR(S)
