C51 COMPILER V9.60.0.0   MAIN                                                              03/29/2023 23:43:51 PAGE 1   


C51 COMPILER V9.60.0.0, COMPILATION OF MODULE MAIN
OBJECT MODULE PLACED IN .\Objects\main.obj
COMPILER INVOKED BY: E:\EE\Keil_v5\C51\BIN\C51.EXE main.c OPTIMIZE(8,SPEED) BROWSE DEBUG OBJECTEXTEND PRINT(.\Listings\m
                    -ain.lst) OBJECT(.\Objects\main.obj)

line level    source

   1          #include <STC12C5A60S2.H>
   2          
   3          void Delay500ms()               //@11.0592MHz
   4          {
   5   1              unsigned char i, j, k;
   6   1      
   7   1              i = 22;
   8   1              j = 3;
   9   1              k = 227;
  10   1              do
  11   1              {
  12   2                      do
  13   2                      {
  14   3                              while (--k);
  15   3                      } while (--j);
  16   2              } while (--i);
  17   1      }
  18          
  19          void main()
  20          {
  21   1              char i;
  22   1              while(1)
  23   1              {
  24   2                      P1=0x01;
  25   2                      for(i=0;i<8;i++)
  26   2                      {
  27   3                              P1=P1<<1;
  28   3                              if(P1==0x00)
  29   3                              P1=0x01;
  30   3                              Delay500ms();
  31   3                      }               
  32   2              }       
  33   1      }


MODULE INFORMATION:   STATIC OVERLAYABLE
   CODE SIZE        =     55    ----
   CONSTANT SIZE    =   ----    ----
   XDATA SIZE       =   ----    ----
   PDATA SIZE       =   ----    ----
   DATA SIZE        =   ----    ----
   IDATA SIZE       =   ----    ----
   BIT SIZE         =   ----    ----
END OF MODULE INFORMATION.


C51 COMPILATION COMPLETE.  0 WARNING(S),  0 ERROR(S)
