C51 COMPILER V9.60.0.0   MAIN                                                              04/02/2023 01:44:54 PAGE 1   


C51 COMPILER V9.60.0.0, COMPILATION OF MODULE MAIN
OBJECT MODULE PLACED IN .\Objects\main.obj
COMPILER INVOKED BY: E:\EE\Keil_v5\C51\BIN\C51.EXE main.c LARGE OPTIMIZE(8,SPEED) BROWSE DEBUG OBJECTEXTEND PRINT(.\List
                    -ings\main.lst) OBJECT(.\Objects\main.obj)

line level    source

   1          #include <STC12C5A60S2.H>
   2          #include "public.h"
   3          #include "uart.h"
   4          sbit led1=P1^0;
   5          
   6          uchar rx_buffer[100];
   7          uchar tx_buffer[100];
   8          
   9          
  10          
  11          
  12          void main()
  13          {
  14   1              UartInit();
  15   1              EA=1;
  16   1              ES=1;
  17   1              while(1)
  18   1              {
  19   2                      UART_SendString("hello world\r\n");
  20   2                      delay(200);
  21   2              }
  22   1      }
  23          
  24          void Uart_Isr() interrupt 4 
  25          {
  26   1              if (RI==1)
  27   1              {
  28   2                      led1=~led1;
  29   2                      RI=0;
  30   2              }
  31   1      }


MODULE INFORMATION:   STATIC OVERLAYABLE
   CODE SIZE        =     33    ----
   CONSTANT SIZE    =     14    ----
   XDATA SIZE       =    200    ----
   PDATA SIZE       =   ----    ----
   DATA SIZE        =   ----    ----
   IDATA SIZE       =   ----    ----
   BIT SIZE         =   ----    ----
END OF MODULE INFORMATION.


C51 COMPILATION COMPLETE.  0 WARNING(S),  0 ERROR(S)
