C51 COMPILER V9.60.0.0   UART                                                              04/02/2023 01:44:54 PAGE 1   


C51 COMPILER V9.60.0.0, COMPILATION OF MODULE UART
OBJECT MODULE PLACED IN .\Objects\uart.obj
COMPILER INVOKED BY: E:\EE\Keil_v5\C51\BIN\C51.EXE uart.c LARGE OPTIMIZE(8,SPEED) BROWSE DEBUG OBJECTEXTEND PRINT(.\List
                    -ings\uart.lst) OBJECT(.\Objects\uart.obj)

line level    source

   1          #include "uart.h"
   2          
   3          void UART_SendByte(uchar byte)
   4          {
   5   1              SBUF=byte;
   6   1              while(TI==0);
   7   1              TI=0;
   8   1      }
   9          
  10          void UART_SendString(uchar* str)
  11          {
  12   1              while(*str)
  13   1              {
  14   2                      UART_SendByte(*str++);
  15   2              }
  16   1      }
  17          void UartInit(void)             //9600bps@11.0592MHz
  18          {
  19   1              PCON &= 0x7F;           //波特率不倍速
  20   1              SCON = 0x50;            //8位数据,可变波特率
  21   1              AUXR |= 0x04;           //定时器时钟1T模式
  22   1              BRT = 0xDC;                     //设置定时重载值
  23   1              AUXR |= 0x01;           //串口1使用独立波特率发射器为波特率发生器
  24   1              AUXR |= 0x10;           //启动独立波特率发射器
  25   1      }


MODULE INFORMATION:   STATIC OVERLAYABLE
   CODE SIZE        =     78    ----
   CONSTANT SIZE    =   ----    ----
   XDATA SIZE       =   ----       3
   PDATA SIZE       =   ----    ----
   DATA SIZE        =   ----    ----
   IDATA SIZE       =   ----    ----
   BIT SIZE         =   ----    ----
END OF MODULE INFORMATION.


C51 COMPILATION COMPLETE.  0 WARNING(S),  0 ERROR(S)
