C51 COMPILER V9.60.0.0   LCD1602                                                           04/01/2023 01:40:40 PAGE 1   


C51 COMPILER V9.60.0.0, COMPILATION OF MODULE LCD1602
OBJECT MODULE PLACED IN .\Objects\lcd1602.obj
COMPILER INVOKED BY: E:\EE\Keil_v5\C51\BIN\C51.EXE lcd1602.c OPTIMIZE(8,SPEED) BROWSE DEBUG OBJECTEXTEND PRINT(.\Listing
                    -s\lcd1602.lst) OBJECT(.\Objects\lcd1602.obj)

line level    source

   1          #include "lcd1602.h"
   2          #include "public.h"
   3          
   4          bit lcdBusy()
   5          {
   6   1              lcdata=0xff;
   7   1              RS=0;
   8   1              RW=1;
   9   1              EN=1;
  10   1              return lcdata&0x80;
  11   1      }
  12          
  13          void writeCmd(uchar cmd)
  14          {
  15   1              while(lcdBusy());
  16   1              RS=0;
  17   1              RW=0;
  18   1              lcdata=cmd;
  19   1              EN=1;
  20   1              EN=0;
  21   1      }
  22          
  23          void lcdWriteData(uchar dat)
  24          {
  25   1              while(lcdBusy());
  26   1              RS=1;
  27   1              RW=0;
  28   1              lcdata=dat;
  29   1              EN=1;
  30   1              Delay1ms(2);
  31   1              EN=0;
  32   1      }
  33          void lcdInit()
  34          {
  35   1              writeCmd(0x38);
  36   1              writeCmd(0x0c);
  37   1              writeCmd(0x06);
  38   1              writeCmd(0x01);
  39   1              
  40   1              lcdShowString(1,5,"unicorn");
  41   1              Delay1ms(100);
  42   1              lcdClear();
  43   1      }
  44          
  45          void lcdClear()
  46          {
  47   1              writeCmd(0x01);
  48   1      }
  49          
  50          void lcdRmove(uint n)
  51          {
  52   1              uint i;
  53   1              for(i=n;i--;i>0)
  54   1                      writeCmd(0x1d);
C51 COMPILER V9.60.0.0   LCD1602                                                           04/01/2023 01:40:40 PAGE 2   

  55   1      }
  56          
  57          void lcdLmove(uint n)
  58          {
  59   1              uint i;
  60   1              for(i=n;i--;i>0)
  61   1                      writeCmd(0x18);
  62   1      }
  63          
  64          void lcdShowChar(uint row,uint pos,uchar ch)
  65          {
  66   1              if(row==1)
  67   1              {
  68   2                      writeCmd(0x80+pos-1);
  69   2                      lcdWriteData(ch);
  70   2              }
  71   1              else
  72   1              {
  73   2                      writeCmd(0x80+0x40+pos-1);
  74   2                      lcdWriteData(ch);
  75   2              }
  76   1      }
  77          
  78          void lcdShowString(uint row,uint pos,uchar*s)
  79          {
  80   1              uint i;
  81   1              if(row==1)
  82   1              {
  83   2                      for(i=0;s[i]!='\0';i++)
  84   2                      {
  85   3                              writeCmd(0x80+pos-1+i);
  86   3                              lcdWriteData(s[i]);
  87   3                      }       
  88   2              }
  89   1              else
  90   1              {
  91   2                      for(i=0;s[i]!='\0';i++)
  92   2                      {
  93   3                              writeCmd(0x80+0x40+pos-1+i);
  94   3                              lcdWriteData(s[i]);
  95   3                      }       
  96   2              }
  97   1      }
  98          
  99          void lcdShowNum(uint row,uint pos,unsigned long num)
 100          {
 101   1              unsigned long i,j,width,k;
 102   1              i=1;j=1;
 103   1              width=1;                                //数字的位数
 104   1              if(row==1)
 105   1              {
 106   2                      writeCmd(0x80+pos-1);
 107   2                      while(num/(i*10)!=0)
 108   2                      {
 109   3                              i=i*10;
 110   3                              width++;        
 111   3                      }
 112   2                      for(k=width;k>=1;k--)
 113   2                      {
 114   3                              for(i=1;i<k;i++)
 115   3                                      j=j*10;
 116   3                              lcdWriteData((num/j)%10+'0');
C51 COMPILER V9.60.0.0   LCD1602                                                           04/01/2023 01:40:40 PAGE 3   

 117   3                              j=1;
 118   3                      }                       
 119   2              }
 120   1              else
 121   1              {
 122   2                      writeCmd(0x80+0x40+pos-1);
 123   2                      while(num/(i*10)!=0)
 124   2                      {
 125   3                              i=i*10;
 126   3                              width++;        
 127   3                      }
 128   2                      for(k=width;k>=1;k--)
 129   2                      {
 130   3                              for(i=1;i<k;i++)
 131   3                                      j=j*10;
 132   3                              lcdWriteData((num/j)%10+'0');
 133   3                              j=1;
 134   3                      }
 135   2              }
 136   1      }


MODULE INFORMATION:   STATIC OVERLAYABLE
   CODE SIZE        =    903    ----
   CONSTANT SIZE    =      8    ----
   XDATA SIZE       =   ----    ----
   PDATA SIZE       =   ----    ----
   DATA SIZE        =   ----      34
   IDATA SIZE       =   ----    ----
   BIT SIZE         =   ----    ----
END OF MODULE INFORMATION.


C51 COMPILATION COMPLETE.  0 WARNING(S),  0 ERROR(S)
