C51 COMPILER V9.60.0.0   PUBLIC                                                            04/01/2023 01:36:26 PAGE 1   


C51 COMPILER V9.60.0.0, COMPILATION OF MODULE PUBLIC
OBJECT MODULE PLACED IN .\Objects\public.obj
COMPILER INVOKED BY: E:\EE\Keil_v5\C51\BIN\C51.EXE public.c OPTIMIZE(8,SPEED) BROWSE DEBUG OBJECTEXTEND PRINT(.\Listings
                    -\public.lst) OBJECT(.\Objects\public.obj)

line level    source

   1          #include "public.h"
   2          
   3          void Delay1ms(uint c)   //Îó²î 0us
   4          {
   5   1          uchar a,b;
   6   1              for (; c>0; c--)
   7   1              {
   8   2                       unsigned char i, j;
   9   2      
  10   2                      _nop_();
  11   2                      i = 11;
  12   2                      j = 190;
  13   2                      do
  14   2                      {
  15   3                              while (--j);
  16   3                      } while (--i);   
  17   2              }       
  18   1      }
*** WARNING C280 IN LINE 5 OF public.c: 'a': unreferenced local variable
*** WARNING C280 IN LINE 5 OF public.c: 'b': unreferenced local variable
  19          


MODULE INFORMATION:   STATIC OVERLAYABLE
   CODE SIZE        =     30    ----
   CONSTANT SIZE    =   ----    ----
   XDATA SIZE       =   ----    ----
   PDATA SIZE       =   ----    ----
   DATA SIZE        =   ----       4
   IDATA SIZE       =   ----    ----
   BIT SIZE         =   ----    ----
END OF MODULE INFORMATION.


C51 COMPILATION COMPLETE.  2 WARNING(S),  0 ERROR(S)
