C51 COMPILER V9.60.0.0   MAIN                                                              03/31/2023 01:17:15 PAGE 1   


C51 COMPILER V9.60.0.0, COMPILATION OF MODULE MAIN
OBJECT MODULE PLACED IN .\Objects\main.obj
COMPILER INVOKED BY: E:\EE\Keil_v5\C51\BIN\C51.EXE main.c OPTIMIZE(8,SPEED) BROWSE DEBUG OBJECTEXTEND PRINT(.\Listings\m
                    -ain.lst) OBJECT(.\Objects\main.obj)

line level    source

   1          #include <STC12C5A60S2.H>
   2          #include "digital.h"
   3          
   4          sbit S1=P3^4;
   5          int cnt;
   6          
   7          void main()
   8          {
   9   1              while(1)
  10   1              {
  11   2                      if(S1==0)
  12   2                      {
  13   3                              delay(20);
  14   3                              if(S1==0)
  15   3                                      cnt++;
  16   3                              while(!S1);
  17   3                      }
  18   2                      displayNum(cnt,10);
  19   2              }
  20   1              
  21   1      }


MODULE INFORMATION:   STATIC OVERLAYABLE
   CODE SIZE        =     42    ----
   CONSTANT SIZE    =   ----    ----
   XDATA SIZE       =   ----    ----
   PDATA SIZE       =   ----    ----
   DATA SIZE        =      2    ----
   IDATA SIZE       =   ----    ----
   BIT SIZE         =   ----    ----
END OF MODULE INFORMATION.


C51 COMPILATION COMPLETE.  0 WARNING(S),  0 ERROR(S)
