C51 COMPILER V9.60.0.0   MAIN                                                              03/29/2023 23:11:17 PAGE 1   


C51 COMPILER V9.60.0.0, COMPILATION OF MODULE MAIN
OBJECT MODULE PLACED IN .\Objects\main.obj
COMPILER INVOKED BY: E:\EE\Keil_v5\C51\BIN\C51.EXE main.c OPTIMIZE(8,SPEED) BROWSE DEBUG OBJECTEXTEND PRINT(.\Listings\m
                    -ain.lst) OBJECT(.\Objects\main.obj)

line level    source

   1          #include <STC12C5A60S2.H>
   2          sbit led1=P1^0;
   3          
   4          unsigned int cnt;
   5          
   6          
   7          void Timer0_Init(void)          //22微秒@11.0592MHz
   8          {
   9   1              AUXR |= 0x80;                   //定时器时钟1T模式
  10   1              TMOD &= 0xF0;                   //设置定时器模式
  11   1              TMOD |= 0x02;                   //设置定时器模式
  12   1              TL0 = 0x0D;                             //设置定时初始值
  13   1              TH0 = 0x0D;                             //设置定时重载值
  14   1              TF0 = 0;                                //清除TF0标志
  15   1              TR0 = 1;                                //定时器0开始计时
  16   1              ET0 = 1;                                //使能定时器0中断
  17   1      }
  18          
  19          void main()
  20          {
  21   1              EA=1;                                   //开启中断
  22   1              ET0=1;                                  //开启定时器中断
  23   1              Timer0_Init();
  24   1              while(1)
  25   1              {
  26   2                      if(cnt==45454)
  27   2                      {
  28   3                              led1=~led1;
  29   3                              cnt=0;
  30   3                      }
  31   2              }
  32   1      }
  33          
  34          
  35          void Timer0_Isr(void) interrupt 1
  36          {
  37   1              cnt++;
  38   1      }


MODULE INFORMATION:   STATIC OVERLAYABLE
   CODE SIZE        =     69    ----
   CONSTANT SIZE    =   ----    ----
   XDATA SIZE       =   ----    ----
   PDATA SIZE       =   ----    ----
   DATA SIZE        =      2    ----
   IDATA SIZE       =   ----    ----
   BIT SIZE         =   ----    ----
END OF MODULE INFORMATION.


C51 COMPILATION COMPLETE.  0 WARNING(S),  0 ERROR(S)
