C51 COMPILER V9.60.0.0   MAIN                                                              03/29/2023 23:39:35 PAGE 1   


C51 COMPILER V9.60.0.0, COMPILATION OF MODULE MAIN
OBJECT MODULE PLACED IN .\Objects\main.obj
COMPILER INVOKED BY: E:\EE\Keil_v5\C51\BIN\C51.EXE main.c OPTIMIZE(8,SPEED) BROWSE DEBUG OBJECTEXTEND PRINT(.\Listings\m
                    -ain.lst) OBJECT(.\Objects\main.obj)

line level    source

   1          #include <STC12C5A60S2.H>
   2          sbit led1=P1^0;
   3          sbit led2=P1^1;
   4          unsigned int cnt0,cnt1;
   5          
   6          
   7          void Timer0_Init(void)          //22微秒@11.0592MHz
   8          {
   9   1              AUXR |= 0x80;                   //定时器时钟1T模式
  10   1              TMOD &= 0xF0;                   //设置定时器模式
  11   1              TMOD |= 0x03;                   //设置定时器模式
  12   1              TL0 = 0x0D;                             //设置定时初始值
  13   1              TH0 = 0x86;                             //11us
  14   1              TF0 = 0;                                //清除TF0标志
  15   1              TR0 = 1;                                //定时器0开始计时
  16   1              ET0 = 1;                                //使能定时器0中断
  17   1      }
  18          
  19          void main()
  20          {
  21   1              EA=1;                                   //开启中断
  22   1              ET1=1;                                  //开启定时器1中断
  23   1              TR1=1;                                  //开启定时器1
  24   1              /*需要注意的是，此处定时器0工作模式为3，TH的8位定时器占用了定时器 1的TR与TF*/
  25   1              Timer0_Init();
  26   1              while(1)
  27   1              {
  28   2                      if(TF0==1)
  29   2                      {
  30   3                              TF0=0;
  31   3                              TL0 = 0x0D;
  32   3                              cnt0++;
  33   3                      }
  34   2                      if(TF1==1)
  35   2                      {
  36   3                              TF1=0;
  37   3                              TH0 = 0x86;
  38   3                              cnt1++;
  39   3                      }
  40   2                      if(cnt0==45454)
  41   2                      {
  42   3                              led1=~led1;
  43   3                              cnt0=0;
  44   3                      }
  45   2                      if(cnt1==22727)
  46   2                      {
  47   3                              led2=~led2;
  48   3                              cnt1=0;
  49   3                      }
  50   2              }
  51   1      }


MODULE INFORMATION:   STATIC OVERLAYABLE
C51 COMPILER V9.60.0.0   MAIN                                                              03/29/2023 23:39:35 PAGE 2   

   CODE SIZE        =    107    ----
   CONSTANT SIZE    =   ----    ----
   XDATA SIZE       =   ----    ----
   PDATA SIZE       =   ----    ----
   DATA SIZE        =      4    ----
   IDATA SIZE       =   ----    ----
   BIT SIZE         =   ----    ----
END OF MODULE INFORMATION.


C51 COMPILATION COMPLETE.  0 WARNING(S),  0 ERROR(S)
