C51 COMPILER V9.60.0.0   MAIN                                                              03/29/2023 22:49:43 PAGE 1   


C51 COMPILER V9.60.0.0, COMPILATION OF MODULE MAIN
OBJECT MODULE PLACED IN .\Objects\main.obj
COMPILER INVOKED BY: E:\EE\Keil_v5\C51\BIN\C51.EXE main.c OPTIMIZE(8,SPEED) BROWSE DEBUG OBJECTEXTEND PRINT(.\Listings\m
                    -ain.lst) OBJECT(.\Objects\main.obj)

line level    source

   1          #include <STC12C5A60S2.H>
   2          sbit led1=P1^0;
   3          
   4          unsigned int cnt;
   5          
   6          void Timer0_Init(void)          //100微秒@11.0592MHz
   7          {
   8   1              AUXR |= 0x80;                   //定时器时钟1T模式
   9   1              TMOD &= 0xF0;                   //设置定时器模式
  10   1              TL0 = 0x70;                             //设置定时初始值
  11   1              TH0 = 0xDD;                             //设置定时初始值
  12   1              TF0 = 0;                                //清除TF0标志
  13   1              TR0 = 1;                                //定时器0开始计时
  14   1      }
  15          
  16          void main()
  17          {
  18   1              Timer0_Init();
  19   1              while(1)
  20   1              {
  21   2                      if(TF0==1)
  22   2                      {
  23   3                              TL0 = 0x70;                             //设置定时初始值
  24   3                              TH0 = 0xDD;                             //设置定时初始值
  25   3                              cnt++;
  26   3                              TF0=0;
  27   3                      }
  28   2                      if(cnt==10000)
  29   2                      {
  30   3                              led1=~led1;
  31   3                              cnt=0;
  32   3                      }
  33   2                      
  34   2              }
  35   1      }


MODULE INFORMATION:   STATIC OVERLAYABLE
   CODE SIZE        =     58    ----
   CONSTANT SIZE    =   ----    ----
   XDATA SIZE       =   ----    ----
   PDATA SIZE       =   ----    ----
   DATA SIZE        =      2    ----
   IDATA SIZE       =   ----    ----
   BIT SIZE         =   ----    ----
END OF MODULE INFORMATION.


C51 COMPILATION COMPLETE.  0 WARNING(S),  0 ERROR(S)
