C51 COMPILER V9.60.0.0   DIGITAL                                                           03/30/2023 20:12:25 PAGE 1   


C51 COMPILER V9.60.0.0, COMPILATION OF MODULE DIGITAL
OBJECT MODULE PLACED IN .\Objects\digital.obj
COMPILER INVOKED BY: E:\EE\Keil_v5\C51\BIN\C51.EXE digital.c LARGE OPTIMIZE(8,SPEED) BROWSE DEBUG OBJECTEXTEND PRINT(.\L
                    -istings\digital.lst) OBJECT(.\Objects\digital.obj)

line level    source

   1          #include <digital.h>
   2          #define SCAN_TIME 1
   3          
   4          extern unsigned char code table[]={
   5                  0x3F,  //"0"
   6              0x06,  //"1"
   7              0x5B,  //"2"
   8              0x4F,  //"3"
   9              0x66,  //"4"
  10              0x6D,  //"5"
  11              0x7D,  //"6"
  12              0x07,  //"7"
  13              0x7F,  //"8"
  14              0x6F,  //"9"
  15              0x77,  //"A"
  16              0x7C,  //"B"
  17              0x39,  //"C"
  18              0x5E,  //"D"
  19              0x79,  //"E"
  20              0x71,  //"F"
  21              0x76,  //"H"
  22              0x38,  //"L"
  23              0x37,  //"n"
  24              0x3E,  //"u"
  25              0x73,  //"P"
  26              0x5C,  //"o"
  27              0x40,  //"-"
  28              0x00  //熄灭
  29          };
  30          void delay(unsigned int t)              //@11.0592MHz
  31          {
  32   1              while(t--)
  33   1              {
  34   2                      unsigned char i, j;
  35   2      
  36   2                      _nop_();
  37   2                      i = 2;
  38   2                      j = 199;
  39   2                      do
  40   2                      {
  41   3                              while (--j);
  42   3                      }       while (--i);
  43   2              }       
  44   1      }
  45          
  46          void display(unsigned char pos,unsigned char num)
  47          {
  48   1              switch (6-pos)
  49   1              {
  50   2                      case 0:
  51   2                      {
  52   3                              P0=0x1f;
  53   3                              selCon=1;
  54   3                              selCon=0;
C51 COMPILER V9.60.0.0   DIGITAL                                                           03/30/2023 20:12:25 PAGE 2   

  55   3                              break;
  56   3                      }
  57   2                      case 1:
  58   2                      {
  59   3                              P0=0x2f;
  60   3                              selCon=1;
  61   3                              selCon=0;
  62   3                              break;
  63   3                      }
  64   2                      case 2:
  65   2                      {
  66   3                              P0=0x37;
  67   3                              selCon=1;
  68   3                              selCon=0;
  69   3                              break;
  70   3                      }
  71   2                      case 3:
  72   2                      {
  73   3                              P0=0x3b;
  74   3                              selCon=1;
  75   3                              selCon=0;
  76   3                              break;
  77   3                      }
  78   2                      case 4:
  79   2                      {
  80   3                              P0=0x3d;
  81   3                              selCon=1;
  82   3                              selCon=0;
  83   3                              break;
  84   3                      }
  85   2                      case 5:
  86   2                      {
  87   3                              P0=0x3e;
  88   3                              selCon=1;
  89   3                              selCon=0;
  90   3                              break;
  91   3                      }
  92   2              }
  93   1              P0=table[num];
  94   1              datCon=1;
  95   1              datCon=0;
  96   1              
  97   1              delay(SCAN_TIME);
  98   1      }
  99          void displayNum(long int number,unsigned char mode)             //mode代表进制
 100          {
 101   1              if(number>=0)
 102   1              {
 103   2                      unsigned long int f=1;
 104   2                      unsigned long int i=1;
 105   2                      unsigned char len=0;
 106   2      
 107   2                      if(number==0)
 108   2                              len=1;
 109   2                      while((number/f)!=0)
 110   2                      {
 111   3                              f=f*mode;
 112   3                              len++;
 113   3                      }
 114   2                      for(f=1;f<=6;f++)
 115   2                      {
 116   3                              if(f<=len)
C51 COMPILER V9.60.0.0   DIGITAL                                                           03/30/2023 20:12:25 PAGE 3   

 117   3                              {
 118   4                                      display(7-f,(number/i)%mode);
 119   4                                      i=i*mode;
 120   4                              }
 121   3                              else
 122   3                                      display(7-f,23);
 123   3                      }
 124   2              }
 125   1              else
 126   1              {
 127   2                      unsigned long int f=1;
 128   2                      unsigned long int i=1;
 129   2                      unsigned char len=0;
 130   2                      while(((0-number)/f)!=0)
 131   2                      {
 132   3                              f=f*mode;
 133   3                              len++;
 134   3                      }
 135   2                      for(f=1;f<=6;f++)
 136   2                      {
 137   3                              if(f<=len)
 138   3                              {
 139   4                                      display(7-f,((0-number)/i)%mode);
 140   4                                      i=i*mode;
 141   4                              }
 142   3                              else
 143   3                                      display(8-f,23);        
 144   3                      }
 145   2                      display(6-len,22);
 146   2              }
 147   1      }


MODULE INFORMATION:   STATIC OVERLAYABLE
   CODE SIZE        =    829    ----
   CONSTANT SIZE    =     24    ----
   XDATA SIZE       =   ----      16
   PDATA SIZE       =   ----    ----
   DATA SIZE        =   ----    ----
   IDATA SIZE       =   ----    ----
   BIT SIZE         =   ----    ----
END OF MODULE INFORMATION.


C51 COMPILATION COMPLETE.  0 WARNING(S),  0 ERROR(S)
